<!DOCTYPE html>

<html>
  <head>
  <meta charset='utf-8'>
  <title>TestNG reports</title>

    <link type="text/css" href="testng-reports.css" rel="stylesheet" />
    <script type="text/javascript" src="jquery-1.7.1.min.js"></script>
    <script type="text/javascript" src="testng-reports.js"></script>
    <script type="text/javascript" src="https://www.google.com/jsapi"></script>
    <script type='text/javascript'>
      google.load('visualization', '1', {packages:['table']});
      google.setOnLoadCallback(drawTable);
      var suiteTableInitFunctions = new Array();
      var suiteTableData = new Array();
    </script>
    <!--
      <script type="text/javascript" src="jquery-ui/js/jquery-ui-1.8.16.custom.min.js"></script>
     -->
  </head>

  <body>
    <div class="top-banner-root">
      <span class="top-banner-title-font">Test results</span>
      <br/>
      <span class="top-banner-font-1">1 suite, 3 failed tests</span>
    </div> <!-- top-banner-root -->
    <div class="navigator-root">
      <div class="navigator-suite-header">
        <span>All suites</span>
        <a href="#" class="collapse-all-link" title="Collapse/expand all the suites">
          <img class="collapse-all-icon" src="collapseall.gif">
          </img> <!-- collapse-all-icon -->
        </a> <!-- collapse-all-link -->
      </div> <!-- navigator-suite-header -->
      <div class="suite">
        <div class="rounded-window">
          <div class="suite-header light-rounded-window-top">
            <a href="#" class="navigator-link" panel-name="suite-test.com_POMtest_jar_1.0-SNAPSHOT">
              <span class="suite-name border-failed">test.com_POMtest_jar_1.0-SNAPSHOT</span>
            </a> <!-- navigator-link -->
          </div> <!-- suite-header light-rounded-window-top -->
          <div class="navigator-suite-content">
            <div class="suite-section-title">
              <span>Info</span>
            </div> <!-- suite-section-title -->
            <div class="suite-section-content">
              <ul>
                <li>
                  <a href="#" class="navigator-link " panel-name="test-xml-test.com_POMtest_jar_1.0-SNAPSHOT">
                    <span>C:\Users\Sergii\Documents\NetBeansProjects\POMtest\src\test\java\com\crm\qa\testsuits\All.xml</span>
                  </a> <!-- navigator-link  -->
                </li>
                <li>
                  <a href="#" class="navigator-link " panel-name="testlist-test.com_POMtest_jar_1.0-SNAPSHOT">
                    <span class="test-stats">1 test</span>
                  </a> <!-- navigator-link  -->
                </li>
                <li>
                  <a href="#" class="navigator-link " panel-name="group-test.com_POMtest_jar_1.0-SNAPSHOT">
                    <span>0 groups</span>
                  </a> <!-- navigator-link  -->
                </li>
                <li>
                  <a href="#" class="navigator-link " panel-name="times-test.com_POMtest_jar_1.0-SNAPSHOT">
                    <span>Times</span>
                  </a> <!-- navigator-link  -->
                </li>
                <li>
                  <a href="#" class="navigator-link " panel-name="reporter-test.com_POMtest_jar_1.0-SNAPSHOT">
                    <span>Reporter output</span>
                  </a> <!-- navigator-link  -->
                </li>
                <li>
                  <a href="#" class="navigator-link " panel-name="ignored-methods-test.com_POMtest_jar_1.0-SNAPSHOT">
                    <span>Ignored methods</span>
                  </a> <!-- navigator-link  -->
                </li>
                <li>
                  <a href="#" class="navigator-link " panel-name="chronological-test.com_POMtest_jar_1.0-SNAPSHOT">
                    <span>Chronological view</span>
                  </a> <!-- navigator-link  -->
                </li>
              </ul>
            </div> <!-- suite-section-content -->
            <div class="result-section">
              <div class="suite-section-title">
                <span>Results</span>
              </div> <!-- suite-section-title -->
              <div class="suite-section-content">
                <ul>
                  <li>
                    <span class="method-stats">12 methods, 3 failed,   9 passed</span>
                  </li>
                  <li>
                    <span class="method-list-title failed">Failed methods</span>
                    <span class="show-or-hide-methods failed">
                      <a href="#" panel-name="suite-test.com_POMtest_jar_1.0-SNAPSHOT" class="hide-methods failed suite-test.com_POMtest_jar_1.0-SNAPSHOT"> (hide)</a> <!-- hide-methods failed suite-test.com_POMtest_jar_1.0-SNAPSHOT -->
                      <a href="#" panel-name="suite-test.com_POMtest_jar_1.0-SNAPSHOT" class="show-methods failed suite-test.com_POMtest_jar_1.0-SNAPSHOT"> (show)</a> <!-- show-methods failed suite-test.com_POMtest_jar_1.0-SNAPSHOT -->
                    </span>
                    <div class="method-list-content failed suite-test.com_POMtest_jar_1.0-SNAPSHOT">
                      <span>
                        <img width="3%" src="failed.png"/>
                        <a href="#" class="method navigator-link" panel-name="suite-test.com_POMtest_jar_1.0-SNAPSHOT" title="com.crm.qa.testcases.ContactsPageTest" hash-for-method="validateCreateNewContacts(Mrs., Elena, Mix, Ebay)">validateCreateNewContacts(Mrs., Elena, Mix, Ebay)</a> <!-- method navigator-link -->
                      </span>
                      <br/>
                      <span>
                        <img width="3%" src="failed.png"/>
                        <a href="#" class="method navigator-link" panel-name="suite-test.com_POMtest_jar_1.0-SNAPSHOT" title="com.crm.qa.testcases.ContactsPageTest" hash-for-method="validateCreateNewContacts(Mr., Tom, Peter, Google)">validateCreateNewContacts(Mr., Tom, Peter, Google)</a> <!-- method navigator-link -->
                      </span>
                      <br/>
                      <span>
                        <img width="3%" src="failed.png"/>
                        <a href="#" class="method navigator-link" panel-name="suite-test.com_POMtest_jar_1.0-SNAPSHOT" title="com.crm.qa.testcases.ContactsPageTest" hash-for-method="validateCreateNewContacts(Dr., David, Cris, Amazon)">validateCreateNewContacts(Dr., David, Cris, Amazon)</a> <!-- method navigator-link -->
                      </span>
                      <br/>
                    </div> <!-- method-list-content failed suite-test.com_POMtest_jar_1.0-SNAPSHOT -->
                  </li>
                  <li>
                    <span class="method-list-title passed">Passed methods</span>
                    <span class="show-or-hide-methods passed">
                      <a href="#" panel-name="suite-test.com_POMtest_jar_1.0-SNAPSHOT" class="hide-methods passed suite-test.com_POMtest_jar_1.0-SNAPSHOT"> (hide)</a> <!-- hide-methods passed suite-test.com_POMtest_jar_1.0-SNAPSHOT -->
                      <a href="#" panel-name="suite-test.com_POMtest_jar_1.0-SNAPSHOT" class="show-methods passed suite-test.com_POMtest_jar_1.0-SNAPSHOT"> (show)</a> <!-- show-methods passed suite-test.com_POMtest_jar_1.0-SNAPSHOT -->
                    </span>
                    <div class="method-list-content passed suite-test.com_POMtest_jar_1.0-SNAPSHOT">
                      <span>
                        <img width="3%" src="passed.png"/>
                        <a href="#" class="method navigator-link" panel-name="suite-test.com_POMtest_jar_1.0-SNAPSHOT" title="com.crm.qa.testcases.LoginPageTest" hash-for-method="crmLogoImageTest">crmLogoImageTest</a> <!-- method navigator-link -->
                      </span>
                      <br/>
                      <span>
                        <img width="3%" src="passed.png"/>
                        <a href="#" class="method navigator-link" panel-name="suite-test.com_POMtest_jar_1.0-SNAPSHOT" title="com.crm.qa.testcases.LoginPageTest" hash-for-method="loginPageTitleTest">loginPageTitleTest</a> <!-- method navigator-link -->
                      </span>
                      <br/>
                      <span>
                        <img width="3%" src="passed.png"/>
                        <a href="#" class="method navigator-link" panel-name="suite-test.com_POMtest_jar_1.0-SNAPSHOT" title="com.crm.qa.testcases.LoginPageTest" hash-for-method="loginTest">loginTest</a> <!-- method navigator-link -->
                      </span>
                      <br/>
                      <span>
                        <img width="3%" src="passed.png"/>
                        <a href="#" class="method navigator-link" panel-name="suite-test.com_POMtest_jar_1.0-SNAPSHOT" title="com.crm.qa.testcases.ContactsPageTest" hash-for-method="selectMultipleContactsTest">selectMultipleContactsTest</a> <!-- method navigator-link -->
                      </span>
                      <br/>
                      <span>
                        <img width="3%" src="passed.png"/>
                        <a href="#" class="method navigator-link" panel-name="suite-test.com_POMtest_jar_1.0-SNAPSHOT" title="com.crm.qa.testcases.ContactsPageTest" hash-for-method="selectSingleContactsTest">selectSingleContactsTest</a> <!-- method navigator-link -->
                      </span>
                      <br/>
                      <span>
                        <img width="3%" src="passed.png"/>
                        <a href="#" class="method navigator-link" panel-name="suite-test.com_POMtest_jar_1.0-SNAPSHOT" title="com.crm.qa.testcases.HomePageTest" hash-for-method="verifyContactsLinkTest">verifyContactsLinkTest</a> <!-- method navigator-link -->
                      </span>
                      <br/>
                      <span>
                        <img width="3%" src="passed.png"/>
                        <a href="#" class="method navigator-link" panel-name="suite-test.com_POMtest_jar_1.0-SNAPSHOT" title="com.crm.qa.testcases.ContactsPageTest" hash-for-method="verifyContactsPageLableTest">verifyContactsPageLableTest</a> <!-- method navigator-link -->
                      </span>
                      <br/>
                      <span>
                        <img width="3%" src="passed.png"/>
                        <a href="#" class="method navigator-link" panel-name="suite-test.com_POMtest_jar_1.0-SNAPSHOT" title="com.crm.qa.testcases.HomePageTest" hash-for-method="verifyHomePageTitleTest">verifyHomePageTitleTest</a> <!-- method navigator-link -->
                      </span>
                      <br/>
                      <span>
                        <img width="3%" src="passed.png"/>
                        <a href="#" class="method navigator-link" panel-name="suite-test.com_POMtest_jar_1.0-SNAPSHOT" title="com.crm.qa.testcases.HomePageTest" hash-for-method="verifyUserNameTest">verifyUserNameTest</a> <!-- method navigator-link -->
                      </span>
                      <br/>
                    </div> <!-- method-list-content passed suite-test.com_POMtest_jar_1.0-SNAPSHOT -->
                  </li>
                </ul>
              </div> <!-- suite-section-content -->
            </div> <!-- result-section -->
          </div> <!-- navigator-suite-content -->
        </div> <!-- rounded-window -->
      </div> <!-- suite -->
    </div> <!-- navigator-root -->
    <div class="wrapper">
      <div class="main-panel-root">
        <div panel-name="suite-test.com_POMtest_jar_1.0-SNAPSHOT" class="panel test.com_POMtest_jar_1.0-SNAPSHOT">
          <div class="suite-test.com_POMtest_jar_1.0-SNAPSHOT-class-failed">
            <div class="main-panel-header rounded-window-top">
              <img src="failed.png"/>
              <span class="class-name">com.crm.qa.testcases.ContactsPageTest</span>
            </div> <!-- main-panel-header rounded-window-top -->
            <div class="main-panel-content rounded-window-bottom">
              <div class="method">
                <div class="method-content">
                  <a name="validateCreateNewContacts(Mrs., Elena, Mix, Ebay)">
                  </a> <!-- validateCreateNewContacts(Mrs., Elena, Mix, Ebay) -->
                  <span class="method-name">validateCreateNewContacts</span>
                  <span class="parameters">(Mrs., Elena, Mix, Ebay)</span>
                  <div class="stack-trace">java.lang.UnsupportedOperationException: Not supported yet.
	at com.crm.qa.util.WebEventListener.beforeGetScreenshotAs(WebEventListener.java:147)
	at org.openqa.selenium.support.events.EventFiringWebDriver.lambda$new$0(EventFiringWebDriver.java:82)
	at com.sun.proxy.$Proxy7.beforeGetScreenshotAs(Unknown Source)
	at org.openqa.selenium.support.events.EventFiringWebDriver.getScreenshotAs(EventFiringWebDriver.java:285)
	at com.crm.qa.util.TestUtil.takeScreenshotAtEndOfTest(TestUtil.java:69)
	at com.crm.qa.util.WebEventListener.onException(WebEventListener.java:72)
	at org.openqa.selenium.support.events.EventFiringWebDriver.lambda$new$0(EventFiringWebDriver.java:82)
	at com.sun.proxy.$Proxy7.onException(Unknown Source)
	at org.openqa.selenium.support.events.EventFiringWebDriver.lambda$new$1(EventFiringWebDriver.java:105)
	at com.sun.proxy.$Proxy8.perform(Unknown Source)
	at org.openqa.selenium.support.events.EventFiringWebDriver.perform(EventFiringWebDriver.java:338)
	at org.openqa.selenium.interactions.Actions$BuiltAction.perform(Actions.java:638)
	at com.crm.qa.pages.HomePage.clickOnNewContactLink(HomePage.java:55)
	at com.crm.qa.testcases.ContactsPageTest.validateCreateNewContacts(ContactsPageTest.java:78)
... Removed 33 stack frames
</div> <!-- stack-trace -->
                </div> <!-- method-content -->
              </div> <!-- method -->
              <div class="method">
                <div class="method-content">
                  <a name="validateCreateNewContacts(Mr., Tom, Peter, Google)">
                  </a> <!-- validateCreateNewContacts(Mr., Tom, Peter, Google) -->
                  <span class="method-name">validateCreateNewContacts</span>
                  <span class="parameters">(Mr., Tom, Peter, Google)</span>
                  <div class="stack-trace">java.lang.UnsupportedOperationException: Not supported yet.
	at com.crm.qa.util.WebEventListener.beforeGetScreenshotAs(WebEventListener.java:147)
	at org.openqa.selenium.support.events.EventFiringWebDriver.lambda$new$0(EventFiringWebDriver.java:82)
	at com.sun.proxy.$Proxy7.beforeGetScreenshotAs(Unknown Source)
	at org.openqa.selenium.support.events.EventFiringWebDriver.getScreenshotAs(EventFiringWebDriver.java:285)
	at com.crm.qa.util.TestUtil.takeScreenshotAtEndOfTest(TestUtil.java:69)
	at com.crm.qa.util.WebEventListener.onException(WebEventListener.java:72)
	at org.openqa.selenium.support.events.EventFiringWebDriver.lambda$new$0(EventFiringWebDriver.java:82)
	at com.sun.proxy.$Proxy7.onException(Unknown Source)
	at org.openqa.selenium.support.events.EventFiringWebDriver.lambda$new$1(EventFiringWebDriver.java:105)
	at com.sun.proxy.$Proxy8.perform(Unknown Source)
	at org.openqa.selenium.support.events.EventFiringWebDriver.perform(EventFiringWebDriver.java:338)
	at org.openqa.selenium.interactions.Actions$BuiltAction.perform(Actions.java:638)
	at com.crm.qa.pages.HomePage.clickOnNewContactLink(HomePage.java:55)
	at com.crm.qa.testcases.ContactsPageTest.validateCreateNewContacts(ContactsPageTest.java:78)
... Removed 33 stack frames
</div> <!-- stack-trace -->
                </div> <!-- method-content -->
              </div> <!-- method -->
              <div class="method">
                <div class="method-content">
                  <a name="validateCreateNewContacts(Dr., David, Cris, Amazon)">
                  </a> <!-- validateCreateNewContacts(Dr., David, Cris, Amazon) -->
                  <span class="method-name">validateCreateNewContacts</span>
                  <span class="parameters">(Dr., David, Cris, Amazon)</span>
                  <div class="stack-trace">java.lang.UnsupportedOperationException: Not supported yet.
	at com.crm.qa.util.WebEventListener.beforeGetScreenshotAs(WebEventListener.java:147)
	at org.openqa.selenium.support.events.EventFiringWebDriver.lambda$new$0(EventFiringWebDriver.java:82)
	at com.sun.proxy.$Proxy7.beforeGetScreenshotAs(Unknown Source)
	at org.openqa.selenium.support.events.EventFiringWebDriver.getScreenshotAs(EventFiringWebDriver.java:285)
	at com.crm.qa.util.TestUtil.takeScreenshotAtEndOfTest(TestUtil.java:69)
	at com.crm.qa.util.WebEventListener.onException(WebEventListener.java:72)
	at org.openqa.selenium.support.events.EventFiringWebDriver.lambda$new$0(EventFiringWebDriver.java:82)
	at com.sun.proxy.$Proxy7.onException(Unknown Source)
	at org.openqa.selenium.support.events.EventFiringWebDriver.lambda$new$1(EventFiringWebDriver.java:105)
	at com.sun.proxy.$Proxy8.perform(Unknown Source)
	at org.openqa.selenium.support.events.EventFiringWebDriver.perform(EventFiringWebDriver.java:338)
	at org.openqa.selenium.interactions.Actions$BuiltAction.perform(Actions.java:638)
	at com.crm.qa.pages.HomePage.clickOnNewContactLink(HomePage.java:55)
	at com.crm.qa.testcases.ContactsPageTest.validateCreateNewContacts(ContactsPageTest.java:78)
... Removed 33 stack frames
</div> <!-- stack-trace -->
                </div> <!-- method-content -->
              </div> <!-- method -->
            </div> <!-- main-panel-content rounded-window-bottom -->
          </div> <!-- suite-test.com_POMtest_jar_1.0-SNAPSHOT-class-failed -->
          <div class="suite-test.com_POMtest_jar_1.0-SNAPSHOT-class-passed">
            <div class="main-panel-header rounded-window-top">
              <img src="passed.png"/>
              <span class="class-name">com.crm.qa.testcases.HomePageTest</span>
            </div> <!-- main-panel-header rounded-window-top -->
            <div class="main-panel-content rounded-window-bottom">
              <div class="method">
                <div class="method-content">
                  <a name="verifyContactsLinkTest">
                  </a> <!-- verifyContactsLinkTest -->
                  <span class="method-name">verifyContactsLinkTest</span>
                </div> <!-- method-content -->
              </div> <!-- method -->
              <div class="method">
                <div class="method-content">
                  <a name="verifyHomePageTitleTest">
                  </a> <!-- verifyHomePageTitleTest -->
                  <span class="method-name">verifyHomePageTitleTest</span>
                </div> <!-- method-content -->
              </div> <!-- method -->
              <div class="method">
                <div class="method-content">
                  <a name="verifyUserNameTest">
                  </a> <!-- verifyUserNameTest -->
                  <span class="method-name">verifyUserNameTest</span>
                </div> <!-- method-content -->
              </div> <!-- method -->
            </div> <!-- main-panel-content rounded-window-bottom -->
          </div> <!-- suite-test.com_POMtest_jar_1.0-SNAPSHOT-class-passed -->
          <div class="suite-test.com_POMtest_jar_1.0-SNAPSHOT-class-passed">
            <div class="main-panel-header rounded-window-top">
              <img src="passed.png"/>
              <span class="class-name">com.crm.qa.testcases.LoginPageTest</span>
            </div> <!-- main-panel-header rounded-window-top -->
            <div class="main-panel-content rounded-window-bottom">
              <div class="method">
                <div class="method-content">
                  <a name="crmLogoImageTest">
                  </a> <!-- crmLogoImageTest -->
                  <span class="method-name">crmLogoImageTest</span>
                </div> <!-- method-content -->
              </div> <!-- method -->
              <div class="method">
                <div class="method-content">
                  <a name="loginPageTitleTest">
                  </a> <!-- loginPageTitleTest -->
                  <span class="method-name">loginPageTitleTest</span>
                </div> <!-- method-content -->
              </div> <!-- method -->
              <div class="method">
                <div class="method-content">
                  <a name="loginTest">
                  </a> <!-- loginTest -->
                  <span class="method-name">loginTest</span>
                </div> <!-- method-content -->
              </div> <!-- method -->
            </div> <!-- main-panel-content rounded-window-bottom -->
          </div> <!-- suite-test.com_POMtest_jar_1.0-SNAPSHOT-class-passed -->
          <div class="suite-test.com_POMtest_jar_1.0-SNAPSHOT-class-passed">
            <div class="main-panel-header rounded-window-top">
              <img src="passed.png"/>
              <span class="class-name">com.crm.qa.testcases.ContactsPageTest</span>
            </div> <!-- main-panel-header rounded-window-top -->
            <div class="main-panel-content rounded-window-bottom">
              <div class="method">
                <div class="method-content">
                  <a name="selectMultipleContactsTest">
                  </a> <!-- selectMultipleContactsTest -->
                  <span class="method-name">selectMultipleContactsTest</span>
                </div> <!-- method-content -->
              </div> <!-- method -->
              <div class="method">
                <div class="method-content">
                  <a name="selectSingleContactsTest">
                  </a> <!-- selectSingleContactsTest -->
                  <span class="method-name">selectSingleContactsTest</span>
                </div> <!-- method-content -->
              </div> <!-- method -->
              <div class="method">
                <div class="method-content">
                  <a name="verifyContactsPageLableTest">
                  </a> <!-- verifyContactsPageLableTest -->
                  <span class="method-name">verifyContactsPageLableTest</span>
                </div> <!-- method-content -->
              </div> <!-- method -->
            </div> <!-- main-panel-content rounded-window-bottom -->
          </div> <!-- suite-test.com_POMtest_jar_1.0-SNAPSHOT-class-passed -->
        </div> <!-- panel test.com_POMtest_jar_1.0-SNAPSHOT -->
        <div panel-name="test-xml-test.com_POMtest_jar_1.0-SNAPSHOT" class="panel">
          <div class="main-panel-header rounded-window-top">
            <span class="header-content">C:\Users\Sergii\Documents\NetBeansProjects\POMtest\src\test\java\com\crm\qa\testsuits\All.xml</span>
          </div> <!-- main-panel-header rounded-window-top -->
          <div class="main-panel-content rounded-window-bottom">
            <pre>
&lt;?xml version=&quot;1.0&quot; encoding=&quot;UTF-8&quot;?&gt;
&lt;!DOCTYPE suite SYSTEM &quot;http://testng.org/testng-1.0.dtd&quot;&gt;
&lt;suite guice-stage=&quot;DEVELOPMENT&quot; name=&quot;test.com_POMtest_jar_1.0-SNAPSHOT&quot;&gt;
  &lt;listeners&gt;
    &lt;listener class-name=&quot;com.crm.qa.ExtendReportListener.ExtentReporterNG&quot;/&gt;
  &lt;/listeners&gt;
  &lt;test thread-count=&quot;5&quot; name=&quot;CRM Test Cases&quot;&gt;
    &lt;classes&gt;
      &lt;class name=&quot;com.crm.qa.testcases.LoginPageTest&quot;/&gt;
      &lt;class name=&quot;com.crm.qa.testcases.HomePageTest&quot;/&gt;
      &lt;class name=&quot;com.crm.qa.testcases.ContactsPageTest&quot;/&gt;
    &lt;/classes&gt;
  &lt;/test&gt; &lt;!-- CRM Test Cases --&gt;
&lt;/suite&gt; &lt;!-- test.com_POMtest_jar_1.0-SNAPSHOT --&gt;
            </pre>
          </div> <!-- main-panel-content rounded-window-bottom -->
        </div> <!-- panel -->
        <div panel-name="testlist-test.com_POMtest_jar_1.0-SNAPSHOT" class="panel">
          <div class="main-panel-header rounded-window-top">
            <span class="header-content">Tests for test.com_POMtest_jar_1.0-SNAPSHOT</span>
          </div> <!-- main-panel-header rounded-window-top -->
          <div class="main-panel-content rounded-window-bottom">
            <ul>
              <li>
                <span class="test-name">CRM Test Cases (3 classes)</span>
              </li>
            </ul>
          </div> <!-- main-panel-content rounded-window-bottom -->
        </div> <!-- panel -->
        <div panel-name="group-test.com_POMtest_jar_1.0-SNAPSHOT" class="panel">
          <div class="main-panel-header rounded-window-top">
            <span class="header-content">Groups for test.com_POMtest_jar_1.0-SNAPSHOT</span>
          </div> <!-- main-panel-header rounded-window-top -->
          <div class="main-panel-content rounded-window-bottom">
          </div> <!-- main-panel-content rounded-window-bottom -->
        </div> <!-- panel -->
        <div panel-name="times-test.com_POMtest_jar_1.0-SNAPSHOT" class="panel">
          <div class="main-panel-header rounded-window-top">
            <span class="header-content">Times for test.com_POMtest_jar_1.0-SNAPSHOT</span>
          </div> <!-- main-panel-header rounded-window-top -->
          <div class="main-panel-content rounded-window-bottom">
            <div class="times-div">
              <script type="text/javascript">
suiteTableInitFunctions.push('tableData_test.com_POMtest_jar_1.0-SNAPSHOT');
function tableData_test.com_POMtest_jar_1.0-SNAPSHOT() {
var data = new google.visualization.DataTable();
data.addColumn('number', 'Number');
data.addColumn('string', 'Method');
data.addColumn('string', 'Class');
data.addColumn('number', 'Time (ms)');
data.addRows(12);
data.setCell(0, 0, 0)
data.setCell(0, 1, 'loginTest')
data.setCell(0, 2, 'com.crm.qa.testcases.LoginPageTest')
data.setCell(0, 3, 3041);
data.setCell(1, 0, 1)
data.setCell(1, 1, 'selectMultipleContactsTest')
data.setCell(1, 2, 'com.crm.qa.testcases.ContactsPageTest')
data.setCell(1, 3, 919);
data.setCell(2, 0, 2)
data.setCell(2, 1, 'verifyContactsPageLableTest')
data.setCell(2, 2, 'com.crm.qa.testcases.ContactsPageTest')
data.setCell(2, 3, 888);
data.setCell(3, 0, 3)
data.setCell(3, 1, 'selectSingleContactsTest')
data.setCell(3, 2, 'com.crm.qa.testcases.ContactsPageTest')
data.setCell(3, 3, 769);
data.setCell(4, 0, 4)
data.setCell(4, 1, 'verifyContactsLinkTest')
data.setCell(4, 2, 'com.crm.qa.testcases.HomePageTest')
data.setCell(4, 3, 298);
data.setCell(5, 0, 5)
data.setCell(5, 1, 'verifyUserNameTest')
data.setCell(5, 2, 'com.crm.qa.testcases.HomePageTest')
data.setCell(5, 3, 131);
data.setCell(6, 0, 6)
data.setCell(6, 1, 'crmLogoImageTest')
data.setCell(6, 2, 'com.crm.qa.testcases.LoginPageTest')
data.setCell(6, 3, 89);
data.setCell(7, 0, 7)
data.setCell(7, 1, 'loginPageTitleTest')
data.setCell(7, 2, 'com.crm.qa.testcases.LoginPageTest')
data.setCell(7, 3, 79);
data.setCell(8, 0, 8)
data.setCell(8, 1, 'validateCreateNewContacts')
data.setCell(8, 2, 'com.crm.qa.testcases.ContactsPageTest')
data.setCell(8, 3, 45);
data.setCell(9, 0, 9)
data.setCell(9, 1, 'verifyHomePageTitleTest')
data.setCell(9, 2, 'com.crm.qa.testcases.HomePageTest')
data.setCell(9, 3, 12);
data.setCell(10, 0, 10)
data.setCell(10, 1, 'validateCreateNewContacts')
data.setCell(10, 2, 'com.crm.qa.testcases.ContactsPageTest')
data.setCell(10, 3, 3);
data.setCell(11, 0, 11)
data.setCell(11, 1, 'validateCreateNewContacts')
data.setCell(11, 2, 'com.crm.qa.testcases.ContactsPageTest')
data.setCell(11, 3, 3);
window.suiteTableData['test.com_POMtest_jar_1.0-SNAPSHOT']= { tableData: data, tableDiv: 'times-div-test.com_POMtest_jar_1.0-SNAPSHOT'}
return data;
}
              </script>
              <span class="suite-total-time">Total running time: 6 seconds</span>
              <div id="times-div-test.com_POMtest_jar_1.0-SNAPSHOT">
              </div> <!-- times-div-test.com_POMtest_jar_1.0-SNAPSHOT -->
            </div> <!-- times-div -->
          </div> <!-- main-panel-content rounded-window-bottom -->
        </div> <!-- panel -->
        <div panel-name="reporter-test.com_POMtest_jar_1.0-SNAPSHOT" class="panel">
          <div class="main-panel-header rounded-window-top">
            <span class="header-content">Reporter output for test.com_POMtest_jar_1.0-SNAPSHOT</span>
          </div> <!-- main-panel-header rounded-window-top -->
          <div class="main-panel-content rounded-window-bottom">
          </div> <!-- main-panel-content rounded-window-bottom -->
        </div> <!-- panel -->
        <div panel-name="ignored-methods-test.com_POMtest_jar_1.0-SNAPSHOT" class="panel">
          <div class="main-panel-header rounded-window-top">
            <span class="header-content">0 ignored methods</span>
          </div> <!-- main-panel-header rounded-window-top -->
          <div class="main-panel-content rounded-window-bottom">
          </div> <!-- main-panel-content rounded-window-bottom -->
        </div> <!-- panel -->
        <div panel-name="chronological-test.com_POMtest_jar_1.0-SNAPSHOT" class="panel">
          <div class="main-panel-header rounded-window-top">
            <span class="header-content">Methods in chronological order</span>
          </div> <!-- main-panel-header rounded-window-top -->
          <div class="main-panel-content rounded-window-bottom">
            <div class="chronological-class">
              <div class="chronological-class-name">com.crm.qa.testcases.LoginPageTest</div> <!-- chronological-class-name -->
              <div class="configuration-method before">
                <span class="method-name">setUp</span>
                <span class="method-start">0 ms</span>
              </div> <!-- configuration-method before -->
              <div class="test-method">
                <span class="method-name">loginPageTitleTest</span>
                <span class="method-start">6469 ms</span>
              </div> <!-- test-method -->
              <div class="configuration-method after">
                <span class="method-name">tearDown</span>
                <span class="method-start">6551 ms</span>
              </div> <!-- configuration-method after -->
            </div> <!-- chronological-class -->
            <div class="chronological-class">
              <div class="chronological-class-name">com.crm.qa.testcases.HomePageTest</div> <!-- chronological-class-name -->
              <div class="configuration-method before">
                <span class="method-name">setUp</span>
                <span class="method-start">7258 ms</span>
              </div> <!-- configuration-method before -->
              <div class="test-method">
                <span class="method-name">verifyHomePageTitleTest</span>
                <span class="method-start">17947 ms</span>
              </div> <!-- test-method -->
              <div class="configuration-method after">
                <span class="method-name">tearDown</span>
                <span class="method-start">17961 ms</span>
              </div> <!-- configuration-method after -->
            </div> <!-- chronological-class -->
            <div class="chronological-class">
              <div class="chronological-class-name">com.crm.qa.testcases.ContactsPageTest</div> <!-- chronological-class-name -->
              <div class="configuration-method before">
                <span class="method-name">setUp</span>
                <span class="method-start">18621 ms</span>
              </div> <!-- configuration-method before -->
              <div class="test-method">
                <span class="method-name">verifyContactsPageLableTest</span>
                <span class="method-start">27408 ms</span>
              </div> <!-- test-method -->
              <div class="configuration-method after">
                <span class="method-name">tearDown</span>
                <span class="method-start">28298 ms</span>
              </div> <!-- configuration-method after -->
            </div> <!-- chronological-class -->
            <div class="chronological-class">
              <div class="chronological-class-name">com.crm.qa.testcases.LoginPageTest</div> <!-- chronological-class-name -->
              <div class="configuration-method before">
                <span class="method-name">setUp</span>
                <span class="method-start">29013 ms</span>
              </div> <!-- configuration-method before -->
              <div class="test-method">
                <span class="method-name">crmLogoImageTest</span>
                <span class="method-start">34095 ms</span>
              </div> <!-- test-method -->
              <div class="configuration-method after">
                <span class="method-name">tearDown</span>
                <span class="method-start">34185 ms</span>
              </div> <!-- configuration-method after -->
            </div> <!-- chronological-class -->
            <div class="chronological-class">
              <div class="chronological-class-name">com.crm.qa.testcases.HomePageTest</div> <!-- chronological-class-name -->
              <div class="configuration-method before">
                <span class="method-name">setUp</span>
                <span class="method-start">34834 ms</span>
              </div> <!-- configuration-method before -->
              <div class="test-method">
                <span class="method-name">verifyUserNameTest</span>
                <span class="method-start">45507 ms</span>
              </div> <!-- test-method -->
              <div class="configuration-method after">
                <span class="method-name">tearDown</span>
                <span class="method-start">45641 ms</span>
              </div> <!-- configuration-method after -->
            </div> <!-- chronological-class -->
            <div class="chronological-class">
              <div class="chronological-class-name">com.crm.qa.testcases.ContactsPageTest</div> <!-- chronological-class-name -->
              <div class="configuration-method before">
                <span class="method-name">setUp</span>
                <span class="method-start">46325 ms</span>
              </div> <!-- configuration-method before -->
              <div class="test-method">
                <span class="method-name">selectSingleContactsTest</span>
                <span class="method-start">54431 ms</span>
              </div> <!-- test-method -->
              <div class="configuration-method after">
                <span class="method-name">tearDown</span>
                <span class="method-start">55203 ms</span>
              </div> <!-- configuration-method after -->
            </div> <!-- chronological-class -->
            <div class="chronological-class">
              <div class="chronological-class-name">com.crm.qa.testcases.LoginPageTest</div> <!-- chronological-class-name -->
              <div class="configuration-method before">
                <span class="method-name">setUp</span>
                <span class="method-start">55877 ms</span>
              </div> <!-- configuration-method before -->
              <div class="test-method">
                <span class="method-name">loginTest</span>
                <span class="method-start">60789 ms</span>
              </div> <!-- test-method -->
              <div class="configuration-method after">
                <span class="method-name">tearDown</span>
                <span class="method-start">63834 ms</span>
              </div> <!-- configuration-method after -->
            </div> <!-- chronological-class -->
            <div class="chronological-class">
              <div class="chronological-class-name">com.crm.qa.testcases.HomePageTest</div> <!-- chronological-class-name -->
              <div class="configuration-method before">
                <span class="method-name">setUp</span>
                <span class="method-start">64513 ms</span>
              </div> <!-- configuration-method before -->
              <div class="test-method">
                <span class="method-name">verifyContactsLinkTest</span>
                <span class="method-start">72596 ms</span>
              </div> <!-- test-method -->
              <div class="configuration-method after">
                <span class="method-name">tearDown</span>
                <span class="method-start">72896 ms</span>
              </div> <!-- configuration-method after -->
            </div> <!-- chronological-class -->
            <div class="chronological-class">
              <div class="chronological-class-name">com.crm.qa.testcases.ContactsPageTest</div> <!-- chronological-class-name -->
              <div class="configuration-method before">
                <span class="method-name">setUp</span>
                <span class="method-start">73612 ms</span>
              </div> <!-- configuration-method before -->
              <div class="test-method">
                <span class="method-name">selectMultipleContactsTest</span>
                <span class="method-start">81941 ms</span>
              </div> <!-- test-method -->
              <div class="configuration-method after">
                <span class="method-name">tearDown</span>
                <span class="method-start">82861 ms</span>
              </div> <!-- configuration-method after -->
              <div class="configuration-method before">
                <span class="method-name">setUp</span>
                <span class="method-start">85313 ms</span>
              </div> <!-- configuration-method before -->
              <div class="test-method">
                <img src="failed.png">
                </img>
                <span class="method-name">validateCreateNewContacts(Mr., Tom, Peter, Google)</span>
                <span class="method-start">96282 ms</span>
              </div> <!-- test-method -->
              <div class="configuration-method after">
                <span class="method-name">tearDown</span>
                <span class="method-start">96331 ms</span>
              </div> <!-- configuration-method after -->
              <div class="configuration-method before">
                <span class="method-name">setUp</span>
                <span class="method-start">97038 ms</span>
              </div> <!-- configuration-method before -->
              <div class="test-method">
                <img src="failed.png">
                </img>
                <span class="method-name">validateCreateNewContacts(Dr., David, Cris, Amazon)</span>
                <span class="method-start">105822 ms</span>
              </div> <!-- test-method -->
              <div class="configuration-method after">
                <span class="method-name">tearDown</span>
                <span class="method-start">105828 ms</span>
              </div> <!-- configuration-method after -->
              <div class="configuration-method before">
                <span class="method-name">setUp</span>
                <span class="method-start">106565 ms</span>
              </div> <!-- configuration-method before -->
              <div class="test-method">
                <img src="failed.png">
                </img>
                <span class="method-name">validateCreateNewContacts(Mrs., Elena, Mix, Ebay)</span>
                <span class="method-start">114632 ms</span>
              </div> <!-- test-method -->
              <div class="configuration-method after">
                <span class="method-name">tearDown</span>
                <span class="method-start">114637 ms</span>
              </div> <!-- configuration-method after -->
          </div> <!-- main-panel-content rounded-window-bottom -->
        </div> <!-- panel -->
      </div> <!-- main-panel-root -->
    </div> <!-- wrapper -->
  </body>
</html>
